[2026-03-13 23:41:27] ==================================================
[2026-03-13 23:41:27] Starting weekly event scrape
[2026-03-13 23:41:27] Pruned 2 past events
[2026-03-13 23:41:27] Scraping TTIC calendar...
[2026-03-13 23:41:31]   Found 0 TTIC events
[2026-03-13 23:41:31] Scraping UChicago DSI events...
[2026-03-13 23:41:35]   Found 0 UChicago DSI events
[2026-03-13 23:41:35] Scraping UChicago CS events...
[2026-03-13 23:41:38]   Found 0 UChicago CS events
[2026-03-13 23:41:38] Scraping Fermilab events...
[2026-03-13 23:41:42]   Found 0 Fermilab events
[2026-03-13 23:41:42] Scraping Argonne events...
[2026-03-13 23:41:46]   WARN: Failed to fetch https://www.anl.gov/events: 403 Client Error: Forbidden for url: https://www.anl.gov/events
[2026-03-13 23:41:46] Scraping 1871 events...
[2026-03-13 23:41:49]   Found 0 1871 events
[2026-03-13 23:41:49] Total scraped: 0 events from 6 sources
[2026-03-13 23:41:49] Merge: +0 new, 0 duplicates skipped, 0 past events skipped
[2026-03-13 23:41:49] Saved /Users/johnkearney/Desktop/Calendar-Auto/events.json
[2026-03-13 23:41:49] Regenerated /Users/johnkearney/Desktop/Calendar-Auto/docs/events.js
[2026-03-13 23:41:49] Scrape complete. 0 new events added.
[2026-03-13 23:41:49] ==================================================
[2026-03-13 23:46:12] ==================================================
[2026-03-13 23:46:12] Starting weekly event scrape
[2026-03-13 23:46:12] Fetching TTIC feed...
[2026-03-13 23:46:16]   Found 18 upcoming events from TTIC
[2026-03-13 23:46:16] Fetching UChicago DSI feed...
[2026-03-13 23:46:22]   Found 18 upcoming events from UChicago DSI
[2026-03-13 23:46:22] Fetching UChicago CS feed...
[2026-03-13 23:46:28]   Found 5 upcoming events from UChicago CS
[2026-03-13 23:46:28] Fetching Fermilab feed...
[2026-03-13 23:46:31]   Found 11 upcoming events from Fermilab
[2026-03-13 23:46:31] Fetching AITTG feed...
[2026-03-13 23:46:34]   Found 0 upcoming events from AITTG
[2026-03-13 23:46:34] Fetching Chicago AI Meetup feed...
[2026-03-13 23:46:38]   Found 1 upcoming events from Chicago AI Meetup
[2026-03-13 23:46:38] Fetching PyData Chicago feed...
[2026-03-13 23:46:41]   Found 1 upcoming events from PyData Chicago
[2026-03-13 23:46:41] Fetching ChiPy feed...
[2026-03-13 23:46:44]   Found 0 upcoming events from ChiPy
[2026-03-13 23:46:44] Fetching Data Night feed...
[2026-03-13 23:46:47]   Found 1 upcoming events from Data Night
[2026-03-13 23:46:47] Total scraped: 55 events from 9 feeds
[2026-03-13 23:46:47] Merge: +44 new, 11 duplicates skipped, 0 past events skipped
[2026-03-13 23:46:47] Saved /Users/johnkearney/Desktop/Calendar-Auto/events.json
[2026-03-13 23:46:47] Regenerated /Users/johnkearney/Desktop/Calendar-Auto/docs/events.js
[2026-03-13 23:46:48] Scrape complete. 44 new events added.
[2026-03-13 23:46:48] ==================================================
